 Created by CRYSOL ...................................... : ATSAS 3.2.1 (r14885)
 CRYSOL started ......................................... : 11-Dec-2024   07:32:28
 Atomic coordinates read from ........................... : frame_15000.pdb
 Model used ............................................. : all
 Chain(s) used .......................................... : all
 Account for explicit hydrogens ......................... : yes
 Shell type ............................................. : directional
 Number of spherical harmonics .......................... : 20
 Maximum scattering angle [A^-1] ........................ : 0.5000
 Number of calculated data points ....................... : 101
 Energy of incident radiation [eV] ...................... : undefined
 Solvent density [e/A^3] ................................ : 0.3340
 Contrast of the solvation shell [e/A^3] ................ : 3.000E-02
 Number of H atoms ...................................... : 1005
 Number of C atoms ...................................... : 630
 Number of N atoms ...................................... : 165
 Number of O atoms ...................................... : 216
 Number of S atoms ...................................... : 5
 Number of unknown atoms ................................ : 0
 Number of substituted unknown atoms .................... : 0
 Total number of atoms read ............................. : 2021
 Number of residues read ................................ : 140
 Number of dummy residues read .......................... : 0
 Number of dummy atoms read ............................. : 0
 Discarded rotamers ..................................... : 0
 Discarded explicit hydrogens ........................... : 0
 Discarded waters ....................................... : 0
 Discarded dummy solvents ............................... : 0
 Molecular weight [Da] .................................. : 1.4529E+04
 Excluded Volume [A^3] .................................. : 1.8072E+04
 Partial specific Volume [ml/g] ......................... : 0.7491
 Average electron density [e/A^3] ....................... : 0.4287
 Geometric center ....................................... :   100.936   95.460   48.396
 Shell Rg [A] ........................................... : 22.28
 Shell Volume [A^3] ..................................... : 1.3076E+04
 Envelope Rg [A] ........................................ : 18.08
 Envelope Volume [A^3] .................................. : 2.5566E+04
 Envelope Diameter [A] .................................. : 67.31
 Shape Rg [A] ........................................... : 17.87
 Electron Rg [A] ........................................ : 17.85
 Rg (Atoms - Excluded volume + Shell) [A] ............... : 18.73
 Rg from the slope of net intensity [A] ................. : 18.43
 CRYSOL finished ........................................ : 11-Dec-2024   07:32:28
