 Created by CRYSOL ...................................... : ATSAS 3.2.1 (r14885)
 CRYSOL started ......................................... : 11-Dec-2024   07:36:05
 Atomic coordinates read from ........................... : frame_198000.pdb
 Model used ............................................. : all
 Chain(s) used .......................................... : all
 Account for explicit hydrogens ......................... : yes
 Shell type ............................................. : directional
 Number of spherical harmonics .......................... : 20
 Maximum scattering angle [A^-1] ........................ : 0.5000
 Number of calculated data points ....................... : 101
 Energy of incident radiation [eV] ...................... : undefined
 Solvent density [e/A^3] ................................ : 0.3340
 Contrast of the solvation shell [e/A^3] ................ : 3.000E-02
 Number of H atoms ...................................... : 1005
 Number of C atoms ...................................... : 630
 Number of N atoms ...................................... : 165
 Number of O atoms ...................................... : 216
 Number of S atoms ...................................... : 5
 Number of unknown atoms ................................ : 0
 Number of substituted unknown atoms .................... : 0
 Total number of atoms read ............................. : 2021
 Number of residues read ................................ : 140
 Number of dummy residues read .......................... : 0
 Number of dummy atoms read ............................. : 0
 Discarded rotamers ..................................... : 0
 Discarded explicit hydrogens ........................... : 0
 Discarded waters ....................................... : 0
 Discarded dummy solvents ............................... : 0
 Molecular weight [Da] .................................. : 1.4529E+04
 Excluded Volume [A^3] .................................. : 1.8072E+04
 Partial specific Volume [ml/g] ......................... : 0.7491
 Average electron density [e/A^3] ....................... : 0.4287
 Geometric center ....................................... :    98.940   95.699   44.649
 Shell Rg [A] ........................................... : 21.80
 Shell Volume [A^3] ..................................... : 1.3682E+04
 Envelope Rg [A] ........................................ : 16.86
 Envelope Volume [A^3] .................................. : 2.5839E+04
 Envelope Diameter [A] .................................. : 61.79
 Shape Rg [A] ........................................... : 17.01
 Electron Rg [A] ........................................ : 17.03
 Rg (Atoms - Excluded volume + Shell) [A] ............... : 18.06
 Rg from the slope of net intensity [A] ................. : 17.98
 CRYSOL finished ........................................ : 11-Dec-2024   07:36:05
