 Created by CRYSOL ...................................... : ATSAS 3.2.1 (r14885)
 CRYSOL started ......................................... : 10-Dec-2024   17:04:33
 Atomic coordinates read from ........................... : frame_131000.pdb
 Model used ............................................. : all
 Chain(s) used .......................................... : all
 Account for explicit hydrogens ......................... : yes
 Shell type ............................................. : directional
 Number of spherical harmonics .......................... : 20
 Maximum scattering angle [A^-1] ........................ : 0.5000
 Number of calculated data points ....................... : 101
 Energy of incident radiation [eV] ...................... : undefined
 Solvent density [e/A^3] ................................ : 0.3340
 Contrast of the solvation shell [e/A^3] ................ : 3.000E-02
 Number of H atoms ...................................... : 1003
 Number of C atoms ...................................... : 627
 Number of N atoms ...................................... : 166
 Number of O atoms ...................................... : 216
 Number of S atoms ...................................... : 4
 Number of unknown atoms ................................ : 0
 Number of substituted unknown atoms .................... : 0
 Total number of atoms read ............................. : 2016
 Number of residues read ................................ : 140
 Number of dummy residues read .......................... : 0
 Number of dummy atoms read ............................. : 0
 Discarded rotamers ..................................... : 0
 Discarded explicit hydrogens ........................... : 0
 Discarded waters ....................................... : 0
 Discarded dummy solvents ............................... : 0
 Molecular weight [Da] .................................. : 1.4481E+04
 Excluded Volume [A^3] .................................. : 1.7999E+04
 Partial specific Volume [ml/g] ......................... : 0.7485
 Average electron density [e/A^3] ....................... : 0.4289
 Geometric center ....................................... :    92.170  119.392   63.572
 Shell Rg [A] ........................................... : 38.21
 Shell Volume [A^3] ..................................... : 1.0106E+04
 Envelope Rg [A] ........................................ : 51.61
 Envelope Volume [A^3] .................................. : 4.6740E+04
 Envelope Diameter [A] .................................. : 175.1
 Shape Rg [A] ........................................... : 49.62
 Electron Rg [A] ........................................ : 50.76
 Rg (Atoms - Excluded volume + Shell) [A] ............... : 53.06
 Rg from the slope of net intensity [A] ................. : 48.30
 CRYSOL finished ........................................ : 10-Dec-2024   17:04:33
