 Created by CRYSOL ...................................... : ATSAS 3.2.1 (r14885)
 CRYSOL started ......................................... : 10-Dec-2024   17:03:51
 Atomic coordinates read from ........................... : frame_11000.pdb
 Model used ............................................. : all
 Chain(s) used .......................................... : all
 Account for explicit hydrogens ......................... : yes
 Shell type ............................................. : directional
 Number of spherical harmonics .......................... : 20
 Maximum scattering angle [A^-1] ........................ : 0.5000
 Number of calculated data points ....................... : 101
 Energy of incident radiation [eV] ...................... : undefined
 Solvent density [e/A^3] ................................ : 0.3340
 Contrast of the solvation shell [e/A^3] ................ : 3.000E-02
 Number of H atoms ...................................... : 1003
 Number of C atoms ...................................... : 627
 Number of N atoms ...................................... : 166
 Number of O atoms ...................................... : 216
 Number of S atoms ...................................... : 4
 Number of unknown atoms ................................ : 0
 Number of substituted unknown atoms .................... : 0
 Total number of atoms read ............................. : 2016
 Number of residues read ................................ : 140
 Number of dummy residues read .......................... : 0
 Number of dummy atoms read ............................. : 0
 Discarded rotamers ..................................... : 0
 Discarded explicit hydrogens ........................... : 0
 Discarded waters ....................................... : 0
 Discarded dummy solvents ............................... : 0
 Molecular weight [Da] .................................. : 1.4481E+04
 Excluded Volume [A^3] .................................. : 1.7999E+04
 Partial specific Volume [ml/g] ......................... : 0.7485
 Average electron density [e/A^3] ....................... : 0.4289
 Geometric center ....................................... :    93.337  107.009   76.823
 Shell Rg [A] ........................................... : 33.96
 Shell Volume [A^3] ..................................... : 1.0162E+04
 Envelope Rg [A] ........................................ : 52.96
 Envelope Volume [A^3] .................................. : 4.1186E+04
 Envelope Diameter [A] .................................. : 168.4
 Shape Rg [A] ........................................... : 45.14
 Electron Rg [A] ........................................ : 46.31
 Rg (Atoms - Excluded volume + Shell) [A] ............... : 48.50
 Rg from the slope of net intensity [A] ................. : 43.94
 CRYSOL finished ........................................ : 10-Dec-2024   17:03:51
