[2025-05-13 14:27:50,106]Starting The Building Process:
[2025-05-13 14:27:50,106]    input sequence: GSSAAAAAAAASGPGGYGPENQGPSGPGGYGPGGP
[2025-05-13 14:27:50,106]running in 1 cores with 0 remaining confs
[2025-05-13 14:27:50,106]Fragment Size And Probabilities Selected:
[2025-05-13 14:27:50,107]    sizes of: (1, 2, 3, 4, 5)
[2025-05-13 14:27:50,107]    probs of: (np.float64(0.1), np.float64(0.1), np.float64(0.3), np.float64(0.3), np.float64(0.2))
[2025-05-13 14:27:50,406]preparing regex xmers
[2025-05-13 14:27:50,406]    searching database with DSSP regexes: ([E]+)
[2025-05-13 14:27:51,890]Corrected Fragment Selection Probabilities:
[2025-05-13 14:27:51,891]    sizes of: (1, 2, 3, 4)
[2025-05-13 14:27:51,891]    probs of: (np.float64(0.125), np.float64(0.125), np.float64(0.37499999999999994), np.float64(0.37499999999999994))
[2025-05-13 14:27:57,712]    Lennard-Jones type configured to: 'pairs'
[2025-05-13 14:27:57,712]prepared lj
[2025-05-13 14:27:57,712]done preparing energy func
[2025-05-13 14:27:57,873]    Lennard-Jones type configured to: 'pairs'
[2025-05-13 14:27:57,873]prepared lj
[2025-05-13 14:27:57,873]done preparing energy func
[2025-05-13 14:27:57,894]random seed: 0
[2025-05-13 14:27:57,895]    configuring sidechain method: faspr
[2025-05-13 14:28:04,392]seed 0 - finished conf: 1 with energy 154.5672900093492
[2025-05-13 14:28:04,414]seed 0 - finished conf: 2 with energy 154.3213721762146
[2025-05-13 14:28:04,435]seed 0 - finished conf: 3 with energy 218.7853048994774
[2025-05-13 14:28:04,460]seed 0 - finished conf: 4 with energy 170.37248768394048
[2025-05-13 14:28:04,478]seed 0 - finished conf: 5 with energy 174.32314797809744
[2025-05-13 14:28:04,557]seed 0 - finished conf: 6 with energy 164.319331249002
[2025-05-13 14:28:04,576]seed 0 - finished conf: 7 with energy 169.34302009916928
[2025-05-13 14:28:04,595]seed 0 - finished conf: 8 with energy 169.55035190881767
[2025-05-13 14:28:04,614]seed 0 - finished conf: 9 with energy 123.34825031706968
[2025-05-13 14:28:04,634]seed 0 - finished conf: 10 with energy 280.09301097766667
[2025-05-13 14:28:04,664]10 conformers built in 6.791 seconds
[2025-05-13 14:28:04,665]    finished properly
