 Created by CRYSOL ...................................... : ATSAS 3.2.1 (r14885)
 CRYSOL started ......................................... : 10-Dec-2024   17:44:48
 Atomic coordinates read from ........................... : frame_45000.pdb
 Model used ............................................. : all
 Chain(s) used .......................................... : all
 Account for explicit hydrogens ......................... : yes
 Shell type ............................................. : directional
 Number of spherical harmonics .......................... : 20
 Maximum scattering angle [A^-1] ........................ : 0.5000
 Number of calculated data points ....................... : 101
 Energy of incident radiation [eV] ...................... : undefined
 Solvent density [e/A^3] ................................ : 0.3340
 Contrast of the solvation shell [e/A^3] ................ : 3.000E-02
 Number of H atoms ...................................... : 1005
 Number of C atoms ...................................... : 630
 Number of N atoms ...................................... : 165
 Number of O atoms ...................................... : 216
 Number of S atoms ...................................... : 5
 Number of unknown atoms ................................ : 0
 Number of substituted unknown atoms .................... : 0
 Total number of atoms read ............................. : 2021
 Number of residues read ................................ : 140
 Number of dummy residues read .......................... : 0
 Number of dummy atoms read ............................. : 0
 Discarded rotamers ..................................... : 0
 Discarded explicit hydrogens ........................... : 0
 Discarded waters ....................................... : 0
 Discarded dummy solvents ............................... : 0
 Molecular weight [Da] .................................. : 1.4529E+04
 Excluded Volume [A^3] .................................. : 1.8072E+04
 Partial specific Volume [ml/g] ......................... : 0.7491
 Average electron density [e/A^3] ....................... : 0.4287
 Geometric center ....................................... :   101.343  100.616   45.814
 Shell Rg [A] ........................................... : 24.71
 Shell Volume [A^3] ..................................... : 1.3509E+04
 Envelope Rg [A] ........................................ : 19.38
 Envelope Volume [A^3] .................................. : 3.0390E+04
 Envelope Diameter [A] .................................. : 63.51
 Shape Rg [A] ........................................... : 20.36
 Electron Rg [A] ........................................ : 20.17
 Rg (Atoms - Excluded volume + Shell) [A] ............... : 20.55
 Rg from the slope of net intensity [A] ................. : 20.76
 CRYSOL finished ........................................ : 10-Dec-2024   17:44:49
